<?xml version="1.0" encoding="UTF-8"?>
<testsuite xmlns:xsi="http://www.w3.org/2001/XMLSchema-instance" xsi:noNamespaceSchemaLocation="https://maven.apache.org/surefire/maven-surefire-plugin/xsd/surefire-test-report-3.0.xsd" version="3.0" name="com.example.serviceImpltest.serviceunitTest" time="16.794" tests="4" errors="0" skipped="0" failures="0">
  <properties>
[...]
</properties>
  <testcase name="addEntryToDatabaseTest" classname="com.example.serviceImpltest.serviceunitTest" time="0.952">
    <system-out><![CDATA[2024-07-27 02:06:38,938 WARN  [org.jbo.res.rea.com.pro.EndpointIndexer] (build-12) Using a body parameter with jakarta.ws.rs.GET is strongly discouraged. Offending method is 'Service.service#jakarta.ws.rs.core.Response searchEntry(java.util.Map<java.lang.String, java.lang.String> searchCriteria)'
2024-07-27 02:06:38,982 WARN  [org.jbo.res.rea.com.pro.EndpointIndexer] (build-34) Using a body parameter with jakarta.ws.rs.GET is strongly discouraged. Offending method is 'Service.service#jakarta.ws.rs.core.Response searchEntry(java.util.Map<java.lang.String, java.lang.String> searchCriteria)'
2024-07-27 02:06:43,273 INFO  [io.quarkus] (main) LDAPapi 1.0.0-SNAPSHOT on JVM (powered by Quarkus 3.12.3) started in 10.265s. Listening on: http://localhost:8081
2024-07-27 02:06:43,275 INFO  [io.quarkus] (main) Profile test activated. 
2024-07-27 02:06:43,276 INFO  [io.quarkus] (main) Installed features: [cdi, jacoco, rest, rest-client, rest-client-jackson, rest-jackson, smallrye-context-propagation, vertx]
2024-07-27 02:06:43,635 INFO  [com.exa.Ext.DummyLdapServer] (main) LDAP server starting...
2024-07-27 02:06:43,645 INFO  [com.exa.Ext.DummyLdapServer] (main) LDAP server started. Listen on port 12000
trancategory===This is a sample transaction category
uniqueMember===cn=Directory Manager
Description===This is a sample transaction category
2024-07-27 02:06:46,383 INFO  [org.apa.dir.api.lda.cod.osg.DefaultLdapCodecService] (main) MSG_06000_REGISTERED_CONTROL_FACTORY (1.3.6.1.4.1.18060.0.0.1)
2024-07-27 02:06:46,384 INFO  [org.apa.dir.api.lda.cod.osg.DefaultLdapCodecService] (main) MSG_06000_REGISTERED_CONTROL_FACTORY (2.16.840.1.113730.3.4.7)
2024-07-27 02:06:46,386 INFO  [org.apa.dir.api.lda.cod.osg.DefaultLdapCodecService] (main) MSG_06000_REGISTERED_CONTROL_FACTORY (2.16.840.1.113730.3.4.2)
2024-07-27 02:06:46,387 INFO  [org.apa.dir.api.lda.cod.osg.DefaultLdapCodecService] (main) MSG_06000_REGISTERED_CONTROL_FACTORY (1.2.840.113556.1.4.319)
2024-07-27 02:06:46,388 INFO  [org.apa.dir.api.lda.cod.osg.DefaultLdapCodecService] (main) MSG_06000_REGISTERED_CONTROL_FACTORY (2.16.840.1.113730.3.4.3)
2024-07-27 02:06:46,390 INFO  [org.apa.dir.api.lda.cod.osg.DefaultLdapCodecService] (main) MSG_06000_REGISTERED_CONTROL_FACTORY (2.16.840.1.113730.3.4.18)
2024-07-27 02:06:46,391 INFO  [org.apa.dir.api.lda.cod.osg.DefaultLdapCodecService] (main) MSG_06000_REGISTERED_CONTROL_FACTORY (1.2.840.113556.1.4.473)
2024-07-27 02:06:46,392 INFO  [org.apa.dir.api.lda.cod.osg.DefaultLdapCodecService] (main) MSG_06000_REGISTERED_CONTROL_FACTORY (1.2.840.113556.1.4.474)
2024-07-27 02:06:46,394 INFO  [org.apa.dir.api.lda.cod.osg.DefaultLdapCodecService] (main) MSG_06000_REGISTERED_CONTROL_FACTORY (1.3.6.1.4.1.4203.1.10.1)
2024-07-27 02:06:46,395 INFO  [org.apa.dir.api.lda.cod.StockCodecFactoryUtil] (main) MSG_06000_REGISTERED_CONTROL_FACTORY (1.3.6.1.4.1.18060.0.0.1)
2024-07-27 02:06:46,395 INFO  [org.apa.dir.api.lda.cod.StockCodecFactoryUtil] (main) MSG_06000_REGISTERED_CONTROL_FACTORY (2.16.840.1.113730.3.4.7)
2024-07-27 02:06:46,395 INFO  [org.apa.dir.api.lda.cod.StockCodecFactoryUtil] (main) MSG_06000_REGISTERED_CONTROL_FACTORY (2.16.840.1.113730.3.4.2)
2024-07-27 02:06:46,396 INFO  [org.apa.dir.api.lda.cod.StockCodecFactoryUtil] (main) MSG_06000_REGISTERED_CONTROL_FACTORY (1.2.840.113556.1.4.319)
2024-07-27 02:06:46,396 INFO  [org.apa.dir.api.lda.cod.StockCodecFactoryUtil] (main) MSG_06000_REGISTERED_CONTROL_FACTORY (2.16.840.1.113730.3.4.3)
2024-07-27 02:06:46,396 INFO  [org.apa.dir.api.lda.cod.StockCodecFactoryUtil] (main) MSG_06000_REGISTERED_CONTROL_FACTORY (2.16.840.1.113730.3.4.18)
2024-07-27 02:06:46,397 INFO  [org.apa.dir.api.lda.cod.StockCodecFactoryUtil] (main) MSG_06000_REGISTERED_CONTROL_FACTORY (1.2.840.113556.1.4.473)
2024-07-27 02:06:46,397 INFO  [org.apa.dir.api.lda.cod.StockCodecFactoryUtil] (main) MSG_06000_REGISTERED_CONTROL_FACTORY (1.2.840.113556.1.4.474)
2024-07-27 02:06:46,398 INFO  [org.apa.dir.api.lda.cod.StockCodecFactoryUtil] (main) MSG_06000_REGISTERED_CONTROL_FACTORY (1.3.6.1.4.1.4203.1.10.1)
2024-07-27 02:06:46,400 INFO  [org.apa.dir.api.lda.ext.ExtrasCodecFactoryUtil] (main) MSG_06000_REGISTERED_CONTROL_FACTORY (1.2.840.113556.1.4.841)
2024-07-27 02:06:46,400 INFO  [org.apa.dir.api.lda.ext.ExtrasCodecFactoryUtil] (main) MSG_06000_REGISTERED_CONTROL_FACTORY (1.2.840.113556.1.4.841)
2024-07-27 02:06:46,401 INFO  [org.apa.dir.api.lda.ext.ExtrasCodecFactoryUtil] (main) MSG_06000_REGISTERED_CONTROL_FACTORY (1.2.840.113556.1.4.2239)
2024-07-27 02:06:46,403 INFO  [org.apa.dir.api.lda.ext.ExtrasCodecFactoryUtil] (main) MSG_06000_REGISTERED_CONTROL_FACTORY (1.2.840.113556.1.4.417)
2024-07-27 02:06:46,404 INFO  [org.apa.dir.api.lda.ext.ExtrasCodecFactoryUtil] (main) MSG_06000_REGISTERED_CONTROL_FACTORY (1.2.840.113556.1.4.528)
2024-07-27 02:06:46,404 INFO  [org.apa.dir.api.lda.ext.ExtrasCodecFactoryUtil] (main) MSG_06000_REGISTERED_CONTROL_FACTORY (2.16.840.1.113730.3.4.4)
2024-07-27 02:06:46,405 INFO  [org.apa.dir.api.lda.ext.ExtrasCodecFactoryUtil] (main) MSG_06000_REGISTERED_CONTROL_FACTORY (1.3.6.1.4.1.42.2.27.8.5.1)
2024-07-27 02:06:46,406 INFO  [org.apa.dir.api.lda.ext.ExtrasCodecFactoryUtil] (main) MSG_06000_REGISTERED_CONTROL_FACTORY (1.3.6.1.4.1.42.2.27.8.5.1)
2024-07-27 02:06:46,407 INFO  [org.apa.dir.api.lda.ext.ExtrasCodecFactoryUtil] (main) MSG_06000_REGISTERED_CONTROL_FACTORY (1.2.840.113556.1.4.1413)
2024-07-27 02:06:46,408 INFO  [org.apa.dir.api.lda.ext.ExtrasCodecFactoryUtil] (main) MSG_06000_REGISTERED_CONTROL_FACTORY (1.3.6.1.4.1.4203.1.9.1.3)
2024-07-27 02:06:46,410 INFO  [org.apa.dir.api.lda.ext.ExtrasCodecFactoryUtil] (main) MSG_06000_REGISTERED_CONTROL_FACTORY (1.3.6.1.4.1.4203.1.9.1.1)
2024-07-27 02:06:46,411 INFO  [org.apa.dir.api.lda.ext.ExtrasCodecFactoryUtil] (main) MSG_06000_REGISTERED_CONTROL_FACTORY (1.3.6.1.4.1.4203.1.9.1.2)
2024-07-27 02:06:46,412 INFO  [org.apa.dir.api.lda.ext.ExtrasCodecFactoryUtil] (main) MSG_06000_REGISTERED_CONTROL_FACTORY (1.3.6.1.1.21.2)
2024-07-27 02:06:46,413 INFO  [org.apa.dir.api.lda.ext.ExtrasCodecFactoryUtil] (main) MSG_06000_REGISTERED_CONTROL_FACTORY (2.16.840.1.113730.3.4.9)
2024-07-27 02:06:46,414 INFO  [org.apa.dir.api.lda.ext.ExtrasCodecFactoryUtil] (main) MSG_06000_REGISTERED_CONTROL_FACTORY (2.16.840.1.113730.3.4.10)
2024-07-27 02:06:46,415 INFO  [org.apa.dir.api.lda.ext.ExtrasCodecFactoryUtil] (main) MSG_06000_REGISTERED_CONTROL_FACTORY (1.3.6.1.4.1.4203.666.5.12)
2024-07-27 02:06:46,417 INFO  [org.apa.dir.api.lda.ext.ExtrasCodecFactoryUtil] (main) MSG_06001_REGISTERED_EXTENDED_OP_FACTORY (1.3.6.1.1.8)
2024-07-27 02:06:46,419 INFO  [org.apa.dir.api.lda.ext.ExtrasCodecFactoryUtil] (main) MSG_06001_REGISTERED_EXTENDED_OP_FACTORY (1.3.6.1.4.1.18060.0.1.8)
2024-07-27 02:06:46,421 INFO  [org.apa.dir.api.lda.ext.ExtrasCodecFactoryUtil] (main) MSG_06001_REGISTERED_EXTENDED_OP_FACTORY (1.3.6.1.1.21.3)
2024-07-27 02:06:46,422 INFO  [org.apa.dir.api.lda.ext.ExtrasCodecFactoryUtil] (main) MSG_06001_REGISTERED_EXTENDED_OP_FACTORY (1.3.6.1.4.1.18060.0.1.5)
2024-07-27 02:06:46,423 INFO  [org.apa.dir.api.lda.ext.ExtrasCodecFactoryUtil] (main) MSG_06001_REGISTERED_EXTENDED_OP_FACTORY (1.3.6.1.4.1.18060.0.1.3)
2024-07-27 02:06:46,424 INFO  [org.apa.dir.api.lda.ext.ExtrasCodecFactoryUtil] (main) MSG_06001_REGISTERED_EXTENDED_OP_FACTORY (1.3.6.1.4.1.1466.20036)
2024-07-27 02:06:46,425 INFO  [org.apa.dir.api.lda.ext.ExtrasCodecFactoryUtil] (main) MSG_06001_REGISTERED_EXTENDED_OP_FACTORY (1.3.6.1.4.1.4203.1.11.1)
2024-07-27 02:06:46,426 INFO  [org.apa.dir.api.lda.ext.ExtrasCodecFactoryUtil] (main) MSG_06001_REGISTERED_EXTENDED_OP_FACTORY (1.3.6.1.4.1.1466.20037)
2024-07-27 02:06:46,428 INFO  [org.apa.dir.api.lda.ext.ExtrasCodecFactoryUtil] (main) MSG_06001_REGISTERED_EXTENDED_OP_FACTORY (1.3.6.1.1.21.1)
2024-07-27 02:06:46,430 INFO  [org.apa.dir.api.lda.ext.ExtrasCodecFactoryUtil] (main) MSG_06001_REGISTERED_EXTENDED_OP_FACTORY (1.3.6.1.4.1.18060.0.1.6)
2024-07-27 02:06:46,432 INFO  [org.apa.dir.api.lda.ext.ExtrasCodecFactoryUtil] (main) MSG_06001_REGISTERED_EXTENDED_OP_FACTORY (1.3.6.1.4.1.4203.1.11.3)
2024-07-27 02:06:46,434 INFO  [org.apa.dir.api.lda.ext.ExtrasCodecFactoryUtil] (main) MSG_06002_REGISTERED_INTERMEDIATE_FACTORY (1.3.6.1.4.1.4203.1.9.1.4)
--------------tcl---------cn=Directory Manager
]]></system-out>
  </testcase>
  <testcase name="searchEntryTest" classname="com.example.serviceImpltest.serviceunitTest" time="0.05">
    <system-out><![CDATA[===============================(&(transactionGroupId=TG777777777))
Description===This is a sample transaction category
uniqueMember===cn=Directory Manager
transactionGroupId===UID21212
]]></system-out>
  </testcase>
  <testcase name="updateEntityTest" classname="com.example.serviceImpltest.serviceunitTest" time="0.037">
    <system-out><![CDATA[2024-07-27 02:06:46,707 INFO  [Dat.DatabaseMethods] (main) Updating LDAP entry with DN: transactionGroupId=TG777777777,ou=tranCategory,dc=transactionCategory,dc=com
2024-07-27 02:06:46,732 INFO  [Dat.DatabaseMethods] (main) Entry updated successfully for DN: transactionGroupId=TG777777777,ou=tranCategory,dc=transactionCategory,dc=com
]]></system-out>
  </testcase>
  <testcase name="deleteEntry" classname="com.example.serviceImpltest.serviceunitTest" time="0.026">
    <system-out><![CDATA[2024-07-27 02:06:46,742 INFO  [Dat.DatabaseMethods] (main) Deleting LDAP entry with DN: transactionGroupId=TG777777777,ou=tranCategory,dc=transactionCategory,dc=com
2024-07-27 02:06:46,761 INFO  [Dat.DatabaseMethods] (main) Entry deleted successfully for DN: transactionGroupId=TG777777777,ou=tranCategory,dc=transactionCategory,dc=com
responsestatus200
statusCode 200
responseentityEntry deleted successfully
]]></system-out>
  </testcase>
</testsuite>