GROUP,PACKAGE,CLASS,INSTRUCTION_MISSED,INSTRUCTION_COVERED,BRANCH_MISSED,BRANCH_COVERED,LINE_MISSED,LINE_COVERED,COMPLEXITY_MISSED,COMPLEXITY_COVERED,METHOD_MISSED,METHOD_COVERED
serviceunitTest (QuarkusTest),Service,serviceimpl,6,64,0,0,2,17,0,7,0,7
serviceunitTest (QuarkusTest),Service,ServiceResponse,0,12,0,0,0,5,0,1,0,1
serviceunitTest (QuarkusTest),DatabaseConnection,DatabaseMethods.InvalidCategoryAttributeException,0,7,0,0,0,3,0,1,0,1
serviceunitTest (QuarkusTest),DatabaseConnection,Connection,3,89,0,0,2,25,0,3,0,3
serviceunitTest (QuarkusTest),DatabaseConnection,DatabaseMethods,5,594,8,28,2,98,8,19,0,9
